[debug] [2021-04-19T14:14:16.211Z] ----------------------------------------------------------------------
[debug] [2021-04-19T14:14:16.214Z] Command:       /Users/mohit/.nvm/versions/node/v15.5.0/bin/node /Users/mohit/.nvm/versions/node/v15.5.0/bin/firebase deploy --only hosting
[debug] [2021-04-19T14:14:16.214Z] CLI Version:   9.2.2
[debug] [2021-04-19T14:14:16.215Z] Platform:      darwin
[debug] [2021-04-19T14:14:16.215Z] Node Version:  v15.5.0
[debug] [2021-04-19T14:14:16.216Z] Time:          Mon Apr 19 2021 19:44:16 GMT+0530 (India Standard Time)
[debug] [2021-04-19T14:14:16.216Z] ----------------------------------------------------------------------
[debug] [2021-04-19T14:14:16.216Z] 
[debug] [2021-04-19T14:14:16.232Z] > command requires scopes: ["email","openid","https://www.googleapis.com/auth/cloudplatformprojects.readonly","https://www.googleapis.com/auth/firebase","https://www.googleapis.com/auth/cloud-platform"]
[debug] [2021-04-19T14:14:16.232Z] > authorizing via signed-in user
[debug] [2021-04-19T14:14:16.233Z] [iam] checking project achintya-org for permissions ["firebase.projects.get","firebasehosting.sites.update"]
[debug] [2021-04-19T14:14:16.236Z] >>> HTTP REQUEST POST https://cloudresourcemanager.googleapis.com/v1/projects/achintya-org:testIamPermissions  
 {"permissions":["firebase.projects.get","firebasehosting.sites.update"]}
[debug] [2021-04-19T14:14:17.861Z] <<< HTTP RESPONSE 200 {"content-type":"application/json; charset=UTF-8","vary":"X-Origin, Referer, Origin,Accept-Encoding","date":"Mon, 19 Apr 2021 14:14:21 GMT","server":"ESF","cache-control":"private","x-xss-protection":"0","x-frame-options":"SAMEORIGIN","x-content-type-options":"nosniff","server-timing":"gfet4t7; dur=1158","alt-svc":"h3-29=\":443\"; ma=2592000,h3-T051=\":443\"; ma=2592000,h3-Q050=\":443\"; ma=2592000,h3-Q046=\":443\"; ma=2592000,h3-Q043=\":443\"; ma=2592000,quic=\":443\"; ma=2592000; v=\"46,43\"","accept-ranges":"none","transfer-encoding":"chunked"}
[debug] [2021-04-19T14:14:17.867Z] > refreshing access token with scopes: []
[debug] [2021-04-19T14:14:17.867Z] >>> HTTP REQUEST POST https://www.googleapis.com/oauth2/v3/token  
 <request body omitted>
[debug] [2021-04-19T14:14:18.086Z] <<< HTTP RESPONSE 200 {"date":"Mon, 19 Apr 2021 14:14:22 GMT","expires":"Mon, 01 Jan 1990 00:00:00 GMT","cache-control":"no-cache, no-store, max-age=0, must-revalidate","pragma":"no-cache","content-type":"application/json; charset=utf-8","vary":"X-Origin, Referer, Origin,Accept-Encoding","server":"scaffolding on HTTPServer2","x-xss-protection":"0","x-frame-options":"SAMEORIGIN","x-content-type-options":"nosniff","alt-svc":"h3-29=\":443\"; ma=2592000,h3-T051=\":443\"; ma=2592000,h3-Q050=\":443\"; ma=2592000,h3-Q046=\":443\"; ma=2592000,h3-Q043=\":443\"; ma=2592000,quic=\":443\"; ma=2592000; v=\"46,43\"","accept-ranges":"none","transfer-encoding":"chunked"}
[debug] [2021-04-19T14:14:18.115Z] >>> [apiv2][query] GET https://firebase.googleapis.com/v1beta1/projects/achintya-org [none]
[debug] [2021-04-19T14:14:48.119Z] Timeout reached making request to https://firebase.googleapis.com/v1beta1/projects/achintya-org
[debug] [2021-04-19T14:14:48.433Z] FirebaseError: Timeout reached making request to https://firebase.googleapis.com/v1beta1/projects/achintya-org
    at Client.doRequest (/Users/mohit/.nvm/versions/node/v15.5.0/lib/node_modules/firebase-tools/lib/apiv2.js:192:23)
    at processTicksAndRejections (node:internal/process/task_queues:93:5)
    at async Client.request (/Users/mohit/.nvm/versions/node/v15.5.0/lib/node_modules/firebase-tools/lib/apiv2.js:93:20)
    at async Object.getFirebaseProject (/Users/mohit/.nvm/versions/node/v15.5.0/lib/node_modules/firebase-tools/lib/management/projects.js:289:21)
    at async Object.getDefaultHostingSite (/Users/mohit/.nvm/versions/node/v15.5.0/lib/node_modules/firebase-tools/lib/getDefaultHostingSite.js:8:21)
    at async requireHostingSite (/Users/mohit/.nvm/versions/node/v15.5.0/lib/node_modules/firebase-tools/lib/requireHostingSite.js:9:18)
    at async Object.fn (/Users/mohit/.nvm/versions/node/v15.5.0/lib/node_modules/firebase-tools/lib/commands/deploy.js:66:9)
    at async /Users/mohit/.nvm/versions/node/v15.5.0/lib/node_modules/firebase-tools/lib/command.js:161:17
[error] 
[error] Error: Failed to get Firebase project achintya-org. Please make sure the project exists and your account has permission to access it.
[debug] [2021-04-19T14:15:13.134Z] ----------------------------------------------------------------------
[debug] [2021-04-19T14:15:13.139Z] Command:       /Users/mohit/.nvm/versions/node/v15.5.0/bin/node /Users/mohit/.nvm/versions/node/v15.5.0/bin/firebase deploy --only hosting
[debug] [2021-04-19T14:15:13.140Z] CLI Version:   9.2.2
[debug] [2021-04-19T14:15:13.140Z] Platform:      darwin
[debug] [2021-04-19T14:15:13.140Z] Node Version:  v15.5.0
[debug] [2021-04-19T14:15:13.141Z] Time:          Mon Apr 19 2021 19:45:13 GMT+0530 (India Standard Time)
[debug] [2021-04-19T14:15:13.141Z] ----------------------------------------------------------------------
[debug] [2021-04-19T14:15:13.142Z] 
[debug] [2021-04-19T14:15:13.163Z] > command requires scopes: ["email","openid","https://www.googleapis.com/auth/cloudplatformprojects.readonly","https://www.googleapis.com/auth/firebase","https://www.googleapis.com/auth/cloud-platform"]
[debug] [2021-04-19T14:15:13.164Z] > authorizing via signed-in user
[debug] [2021-04-19T14:15:13.164Z] [iam] checking project achintya-org for permissions ["firebase.projects.get","firebasehosting.sites.update"]
[debug] [2021-04-19T14:15:13.170Z] > refreshing access token with scopes: ["email","https://www.googleapis.com/auth/cloud-platform","https://www.googleapis.com/auth/cloudplatformprojects.readonly","https://www.googleapis.com/auth/firebase","openid"]
[debug] [2021-04-19T14:15:13.170Z] >>> HTTP REQUEST POST https://www.googleapis.com/oauth2/v3/token  
 <request body omitted>
[debug] [2021-04-19T14:15:13.485Z] <<< HTTP RESPONSE 200 {"date":"Mon, 19 Apr 2021 14:15:17 GMT","cache-control":"no-cache, no-store, max-age=0, must-revalidate","expires":"Mon, 01 Jan 1990 00:00:00 GMT","pragma":"no-cache","content-type":"application/json; charset=utf-8","vary":"X-Origin, Referer, Origin,Accept-Encoding","server":"scaffolding on HTTPServer2","x-xss-protection":"0","x-frame-options":"SAMEORIGIN","x-content-type-options":"nosniff","alt-svc":"h3-29=\":443\"; ma=2592000,h3-T051=\":443\"; ma=2592000,h3-Q050=\":443\"; ma=2592000,h3-Q046=\":443\"; ma=2592000,h3-Q043=\":443\"; ma=2592000,quic=\":443\"; ma=2592000; v=\"46,43\"","accept-ranges":"none","transfer-encoding":"chunked"}
[debug] [2021-04-19T14:15:13.503Z] >>> HTTP REQUEST POST https://cloudresourcemanager.googleapis.com/v1/projects/achintya-org:testIamPermissions  
 {"permissions":["firebase.projects.get","firebasehosting.sites.update"]}
[debug] [2021-04-19T14:15:15.067Z] <<< HTTP RESPONSE 200 {"content-type":"application/json; charset=UTF-8","vary":"X-Origin, Referer, Origin,Accept-Encoding","date":"Mon, 19 Apr 2021 14:15:18 GMT","server":"ESF","cache-control":"private","x-xss-protection":"0","x-frame-options":"SAMEORIGIN","x-content-type-options":"nosniff","server-timing":"gfet4t7; dur=1165","alt-svc":"h3-29=\":443\"; ma=2592000,h3-T051=\":443\"; ma=2592000,h3-Q050=\":443\"; ma=2592000,h3-Q046=\":443\"; ma=2592000,h3-Q043=\":443\"; ma=2592000,quic=\":443\"; ma=2592000; v=\"46,43\"","accept-ranges":"none","transfer-encoding":"chunked"}
[debug] [2021-04-19T14:15:15.071Z] > refreshing access token with scopes: []
[debug] [2021-04-19T14:15:15.072Z] >>> HTTP REQUEST POST https://www.googleapis.com/oauth2/v3/token  
 <request body omitted>
[debug] [2021-04-19T14:15:15.336Z] <<< HTTP RESPONSE 200 {"cache-control":"no-cache, no-store, max-age=0, must-revalidate","expires":"Mon, 01 Jan 1990 00:00:00 GMT","date":"Mon, 19 Apr 2021 14:15:19 GMT","pragma":"no-cache","content-type":"application/json; charset=utf-8","vary":"X-Origin, Referer, Origin,Accept-Encoding","server":"scaffolding on HTTPServer2","x-xss-protection":"0","x-frame-options":"SAMEORIGIN","x-content-type-options":"nosniff","alt-svc":"h3-29=\":443\"; ma=2592000,h3-T051=\":443\"; ma=2592000,h3-Q050=\":443\"; ma=2592000,h3-Q046=\":443\"; ma=2592000,h3-Q043=\":443\"; ma=2592000,quic=\":443\"; ma=2592000; v=\"46,43\"","accept-ranges":"none","transfer-encoding":"chunked"}
[debug] [2021-04-19T14:15:15.359Z] >>> [apiv2][query] GET https://firebase.googleapis.com/v1beta1/projects/achintya-org [none]
[debug] [2021-04-19T14:15:45.366Z] Timeout reached making request to https://firebase.googleapis.com/v1beta1/projects/achintya-org
[debug] [2021-04-19T14:15:45.661Z] FirebaseError: Timeout reached making request to https://firebase.googleapis.com/v1beta1/projects/achintya-org
    at Client.doRequest (/Users/mohit/.nvm/versions/node/v15.5.0/lib/node_modules/firebase-tools/lib/apiv2.js:192:23)
    at processTicksAndRejections (node:internal/process/task_queues:93:5)
    at async Client.request (/Users/mohit/.nvm/versions/node/v15.5.0/lib/node_modules/firebase-tools/lib/apiv2.js:93:20)
    at async Object.getFirebaseProject (/Users/mohit/.nvm/versions/node/v15.5.0/lib/node_modules/firebase-tools/lib/management/projects.js:289:21)
    at async Object.getDefaultHostingSite (/Users/mohit/.nvm/versions/node/v15.5.0/lib/node_modules/firebase-tools/lib/getDefaultHostingSite.js:8:21)
    at async requireHostingSite (/Users/mohit/.nvm/versions/node/v15.5.0/lib/node_modules/firebase-tools/lib/requireHostingSite.js:9:18)
    at async Object.fn (/Users/mohit/.nvm/versions/node/v15.5.0/lib/node_modules/firebase-tools/lib/commands/deploy.js:66:9)
    at async /Users/mohit/.nvm/versions/node/v15.5.0/lib/node_modules/firebase-tools/lib/command.js:161:17
[error] 
[error] Error: Failed to get Firebase project achintya-org. Please make sure the project exists and your account has permission to access it.
